
Showing logs for build [32mcb-kubecd-environment-pr-184-29-xwl47-1[0m stage [32mfrom-build-pack[0m and container [32mstep-credential-initializer-gg6wb[0m
{"level":"warn","ts":1584516553.0589597,"logger":"fallback-logger","caller":"logging/config.go:69","msg":"Fetch GitHub commit ID from kodata failed: \"ref: refs/heads/0.8.0-**-support-backwards-incompats\" is not a valid GitHub commit ID"}
{"level":"info","ts":1584516553.0601017,"logger":"fallback-logger","caller":"creds-init/main.go:40","msg":"Credentials initialized."}

Showing logs for build [32mcb-kubecd-environment-pr-184-29-xwl47-1[0m stage [32mfrom-build-pack[0m and container [32mstep-working-dir-initializer-ngbgn[0m
{"level":"warn","ts":1584516554.449265,"logger":"fallback-logger","caller":"logging/config.go:69","msg":"Fetch GitHub commit ID from kodata failed: open /var/run/ko/HEAD: no such file or directory"}
{"level":"info","ts":1584516554.4514453,"logger":"fallback-logger","caller":"bash/main.go:64","msg":"Successfully executed command \"sh -c mkdir -p /workspace/source\"; output "}

Showing logs for build [32mcb-kubecd-environment-pr-184-29-xwl47-1[0m stage [32mfrom-build-pack[0m and container [32mstep-place-tools[0m

Showing logs for build [32mcb-kubecd-environment-pr-184-29-xwl47-1[0m stage [32mfrom-build-pack[0m and container [32mstep-git-source-cb-kubecd-environment-pr-184-29-xwl47-qcmnw[0m
{"level":"warn","ts":1584516557.5640864,"logger":"fallback-logger","caller":"logging/config.go:69","msg":"Fetch GitHub commit ID from kodata failed: \"ref: refs/heads/0.8.0-**-support-backwards-incompats\" is not a valid GitHub commit ID"}
{"level":"info","ts":1584516558.561381,"logger":"fallback-logger","caller":"git/git.go:103","msg":"Successfully cloned https://github.com/cb-kubecd/environment-pr-184-29-gke-upgrade-production.git @ master in path /workspace/source"}

Showing logs for build [32mcb-kubecd-environment-pr-184-29-xwl47-1[0m stage [32mfrom-build-pack[0m and container [32mstep-git-merge[0m
Using SHAs from PULL_REFS=master:9178584dbb67f1937b567fdbc88f9eb3e2cc5a9a,1:5d605cfcc0200a1464bc78e8b593190f69f43eef
DEBUG: LC_ALL=C JX_LOG_LEVEL=error git fetch origin --unshallow 5d605cfcc0200a1464bc78e8b593190f69f43eef: 9178584dbb67f1937b567fdbc88f9eb3e2cc5a9a:
DEBUG: ran git fetch --unshallow origin 5d605cfcc0200a1464bc78e8b593190f69f43eef: 9178584dbb67f1937b567fdbc88f9eb3e2cc5a9a: in 
DEBUG: LC_ALL=C JX_LOG_LEVEL=error git branch
DEBUG: LC_ALL=C JX_LOG_LEVEL=error git checkout master
DEBUG: ran git checkout master in 
DEBUG: LC_ALL=C JX_LOG_LEVEL=error git reset --hard 9178584dbb67f1937b567fdbc88f9eb3e2cc5a9a
DEBUG: ran git reset --hard 9178584dbb67f1937b567fdbc88f9eb3e2cc5a9a in 
DEBUG: LC_ALL=C JX_LOG_LEVEL=error git clean -fd .
DEBUG: ran clean --force -d . in 
DEBUG: LC_ALL=C JX_LOG_LEVEL=error git merge 5d605cfcc0200a1464bc78e8b593190f69f43eef
DEBUG: ran git merge 5d605cfcc0200a1464bc78e8b593190f69f43eef in 
DEBUG: LC_ALL=C JX_LOG_LEVEL=error git log --format=%H%x1f%an%x1f%ae%x1f%cn%x1f%ce%x1f%s%n%b%x1e 9178584dbb67f1937b567fdbc88f9eb3e2cc5a9a..HEAD
Merged SHA 5d605cfcc0200a1464bc78e8b593190f69f43eef with commit message 'chore: Promote bdd-spring-1584515264 to version 0.0.1' into base branch master

Showing logs for build [32mcb-kubecd-environment-pr-184-29-xwl47-1[0m stage [32mfrom-build-pack[0m and container [32mstep-build-helm-build[0m
WARNING: No $CHART_REPOSITORY defined so using the default value of: http://jenkins-x-chartmuseum:8080
Adding missing Helm repo: storage.googleapis.com https://storage.googleapis.com/chartmuseum.jenkins-x.io
WARNING: No secrets found on "helm/repos" due: reading the secret "helm/repos" from vault: no secret "helm/repos" not found in vault
Read credentials for https://storage.googleapis.com/chartmuseum.jenkins-x.io from vault helm/repos
Successfully added Helm repository storage.googleapis.com.
Adding missing Helm repo: jenkins-x-chartmuseum http://jenkins-x-chartmuseum:8080
WARNING: No secrets found on "helm/repos" due: reading the secret "helm/repos" from vault: no secret "helm/repos" not found in vault
Read credentials for http://jenkins-x-chartmuseum:8080 from vault helm/repos
Successfully added Helm repository jenkins-x-chartmuseum.
WARNING: No $CHART_REPOSITORY defined so using the default value of: http://jenkins-x-chartmuseum:8080
Adding missing Helm repo: chartmuseum.jenkins-x.io http://chartmuseum.jenkins-x.io
WARNING: No secrets found on "helm/repos" due: reading the secret "helm/repos" from vault: no secret "helm/repos" not found in vault
Read credentials for http://chartmuseum.jenkins-x.io from vault helm/repos
Successfully added Helm repository chartmuseum.jenkins-x.io.
